#
# A fatal error has been detected by the Java Runtime Environment:
#
#  EXCEPTION_ACCESS_VIOLATION (0xc0000005) at pc=0x0000000064aa2b88, pid=6912, tid=2652
#
# JRE version: Java(TM) SE Runtime Environment (8.0_40-b25) (build 1.8.0_40-b25)
# Java VM: Java HotSpot(TM) 64-Bit Server VM (25.40-b25 mixed mode windows-amd64 compressed oops)
# Problematic frame:
# C  0x0000000064aa2b88
#
# Failed to write core dump. Minidumps are not enabled by default on client versions of Windows
#
# If you would like to submit a bug report, please visit:
#   http://bugreport.java.com/bugreport/crash.jsp
#

---------------  T H R E A D  ---------------

Current thread (0x0000000022f42800):  JavaThread "C2 CompilerThread0" daemon [_thread_in_vm, id=2652, stack(0x0000000023540000,0x0000000023640000)]

siginfo: ExceptionCode=0xc0000005, reading address 0xffffffffffffffff

Registers:
RAX=0x0000000022f42800, RBX=0x00000001000dc310, RCX=0x00000001000dc310, RDX=0x00000001000dc310
RSP=0x000000002363d4d0, RBP=0x0000000011f88400, RSI=0x00000001000dc310, RDI=0x0000000000000000
R8 =0x00000000650649c8, R9 =0x0000000000000081, R10=0x0000000011f88630, R11=0x0000000023dbad80
R12=0x0000000022f42800, R13=0x0000000011f88400, R14=0x000000002363f8e0, R15=0x0000000023dbbb40
RIP=0x0000000064aa2b88, EFLAGS=0x0000000000010202

Top of Stack: (sp=0x000000002363d4d0)
0x000000002363d4d0:   0000000023dba420 0000000064aa2f7f
0x000000002363d4e0:   000000000000007f 0000000064aa2ffe
0x000000002363d4f0:   000000000000000c 0000000064aa76ea
0x000000002363d500:   0000000011d926e0 0000000023dba350
0x000000002363d510:   0000000000000081 0000000064aa2f19
0x000000002363d520:   0000000023dbbb40 000000002363f8e0
0x000000002363d530:   0000000000000081 000000002363d680
0x000000002363d540:   000000000000002f 000000002363d6f0
0x000000002363d550:   0000000000000000 0000000064a8f43c
0x000000002363d560:   000000002363d680 00000001000dc310
0x000000002363d570:   000000002363d620 00000001000dc300
0x000000002363d580:   00000000000000b7 000000002363f8e0
0x000000002363d590:   000000001190af30 0000000022f42800
0x000000002363d5a0:   00000000118bf300 0000000064aa68b0
0x000000002363d5b0:   00000000118bf300 000000002363d740
0x000000002363d5c0:   0000000023dbbb00 000000002363d6f0 

Instructions: (pc=0x0000000064aa2b88)
0x0000000064aa2b68:   00 48 8b da ff 15 7e d8 58 00 44 0f b6 05 9a e7
0x0000000064aa2b78:   79 00 4c 8b e0 45 84 c0 74 39 4c 8b 03 48 8b cb
0x0000000064aa2b88:   41 ff 50 08 84 c0 74 2b 83 7b 08 00 7e 25 0f b6
0x0000000064aa2b98:   83 0e 01 00 00 c0 e8 03 a8 01 74 17 48 8b 03 48 


Register to memory mapping:

RAX=0x0000000022f42800 is a thread
RBX=0x00000001000dc310 is pointing into metadata
RCX=0x00000001000dc310 is pointing into metadata
RDX=0x00000001000dc310 is pointing into metadata
RSP=0x000000002363d4d0 is pointing into the stack for thread: 0x0000000022f42800
RBP=0x0000000011f88400 is an unknown value
RSI=0x00000001000dc310 is pointing into metadata
RDI=0x0000000000000000 is an unknown value
R8 =0x00000000650649c8 is an unknown value
R9 =0x0000000000000081 is an unknown value
R10=0x0000000011f88630 is an unknown value
R11=0x0000000023dbad80 is an unknown value
R12=0x0000000022f42800 is a thread
R13=0x0000000011f88400 is an unknown value
R14=0x000000002363f8e0 is pointing into the stack for thread: 0x0000000022f42800
R15=0x0000000023dbbb40 is an unknown value


Stack: [0x0000000023540000,0x0000000023640000],  sp=0x000000002363d4d0,  free space=1013k
Native frames: (J=compiled Java code, j=interpreted, Vv=VM code, C=native code)
C  0x0000000064aa2b88
C  0x0000000064aa2f19
C  0x0000000064a8f43c
C  0x0000000064a8f4da
C  0x0000000064aa5cee
C  0x0000000064aaa122
C  0x0000000064aab727
C  0x0000000064aac80a
C  0x0000000064aad70c
C  0x0000000064aadb1b
C  0x0000000064aadc3e
C  0x0000000064a9790e
C  0x0000000064eaed9e
C  0x0000000064eafc32
C  0x0000000064ed421c
C  0x0000000064ed448a
C  0x0000000064ed5c5e
C  0x0000000064f5d245
C  0x0000000064f55e77
C  0x0000000064f561f9
C  0x0000000064f5678f
C  0x0000000064eb0fc0
C  0x0000000064eccac5
C  0x0000000064eb00d2
C  0x0000000064b04312
C  0x0000000064b04c4f
C  0x0000000064ca1914
C  0x0000000064cf848a
C  [MSVCR100.dll+0x21d9f]
C  [MSVCR100.dll+0x21e3b]
C  [KERNEL32.DLL+0x13d2]
C  [ntdll.dll+0x154f4]


Current CompileTask:
C2: 367859 2466       4       java.util.HashSet::iterator (13 bytes)


---------------  P R O C E S S  ---------------

Java Threads: ( => current thread )
  0x00000000232ac000 JavaThread "Thread-2" [_thread_blocked, id=4740, stack(0x0000000024840000,0x0000000024940000)]
  0x0000000022fac000 JavaThread "Code Model Worker" daemon [_thread_blocked, id=7384, stack(0x0000000024540000,0x0000000024640000)]
  0x0000000023d5d800 JavaThread "Code Model Worker" daemon [_thread_blocked, id=7664, stack(0x0000000024440000,0x0000000024540000)]
  0x0000000023a3a800 JavaThread "FelixPackageAdmin" daemon [_thread_blocked, id=5900, stack(0x0000000024340000,0x0000000024440000)]
  0x0000000023a1b000 JavaThread "FelixStartLevel" daemon [_thread_blocked, id=3356, stack(0x0000000024240000,0x0000000024340000)]
  0x00000000239e2800 JavaThread "FelixDispatchQueue" [_thread_blocked, id=7100, stack(0x0000000024140000,0x0000000024240000)]
  0x0000000022fb2000 JavaThread "Service Thread" daemon [_thread_blocked, id=9168, stack(0x0000000023740000,0x0000000023840000)]
  0x0000000022f44000 JavaThread "C1 CompilerThread1" daemon [_thread_blocked, id=5212, stack(0x0000000023640000,0x0000000023740000)]
=>0x0000000022f42800 JavaThread "C2 CompilerThread0" daemon [_thread_in_vm, id=2652, stack(0x0000000023540000,0x0000000023640000)]
  0x0000000011f86800 JavaThread "Attach Listener" daemon [_thread_blocked, id=4208, stack(0x0000000023440000,0x0000000023540000)]
  0x0000000011f85800 JavaThread "Signal Dispatcher" daemon [_thread_blocked, id=5660, stack(0x0000000023340000,0x0000000023440000)]
  0x0000000011f23800 JavaThread "Finalizer" daemon [_thread_blocked, id=6260, stack(0x0000000022e40000,0x0000000022f40000)]
  0x0000000011f19800 JavaThread "Reference Handler" daemon [_thread_blocked, id=7364, stack(0x0000000022d40000,0x0000000022e40000)]
  0x0000000008314000 JavaThread "main" [_thread_blocked, id=1796, stack(0x0000000000040000,0x0000000000140000)]

Other Threads:
  0x000000000836e800 VMThread [stack: 0x0000000022c40000,0x0000000022d40000] [id=5332]
  0x0000000022fc3800 WatcherThread [stack: 0x0000000023840000,0x0000000023940000] [id=3920]

VM state:synchronizing (normal execution)

VM Mutex/Monitor currently owned by a thread:  ([mutex/lock_event])
[0x0000000008311c10] Threads_lock - owner thread: 0x000000000836e800
[0x0000000008312610] CompiledIC_lock - owner thread: 0x0000000008314000

Heap:
 PSYoungGen      total 135168K, used 123259K [0x00000000f5580000, 0x0000000100000000, 0x0000000100000000)
  eden space 104960K, 95% used [0x00000000f5580000,0x00000000fb796b90,0x00000000fbc00000)
  from space 30208K, 75% used [0x00000000fe280000,0x00000000ff8c8080,0x0000000100000000)
  to   space 34816K, 0% used [0x00000000fbc00000,0x00000000fbc00000,0x00000000fde00000)
 ParOldGen       total 82944K, used 53018K [0x00000000e0000000, 0x00000000e5100000, 0x00000000f5580000)
  object space 82944K, 63% used [0x00000000e0000000,0x00000000e33c6b38,0x00000000e5100000)
 Metaspace       used 14576K, capacity 14952K, committed 15232K, reserved 1062912K
  class space    used 1694K, capacity 1820K, committed 1920K, reserved 1048576K

Card table byte_map: [0x0000000010ba0000,0x0000000010cb0000] byte_map_base: 0x00000000104a0000

Marking Bits: (ParMarkBitMap*) 0x0000000065264040
 Begin Bits: [0x00000000212b0000, 0x0000000021ab0000)
 End Bits:   [0x0000000021ab0000, 0x00000000222b0000)

Polling page: 0x000000000ee40000

CodeCache: size=245760Kb used=7646Kb max_used=7646Kb free=238113Kb
 bounds [0x00000000122b0000, 0x0000000012a40000, 0x00000000212b0000]
 total_blobs=2556 nmethods=2188 adapters=281
 compilation: enabled

Compilation events (10 events):
Event: 367.388 Thread 0x0000000022f44000 nmethod 2519 0x00000000127042d0 code [0x0000000012704440, 0x00000000127045c8]
Event: 367.388 Thread 0x0000000022f44000 2508       3       macromedia.asc.parser.FunctionDefinitionNode::<init> (56 bytes)
Event: 367.389 Thread 0x0000000022f44000 nmethod 2508 0x0000000012703a50 code [0x0000000012703be0, 0x0000000012704068]
Event: 367.389 Thread 0x0000000022f44000 2510       3       macromedia.abc.AbcParser::getFunctionObject (38 bytes)
Event: 367.389 Thread 0x0000000022f44000 nmethod 2510 0x00000000128105d0 code [0x0000000012810760, 0x0000000012810c58]
Event: 367.389 Thread 0x0000000022f44000 2511       3       macromedia.abc.AbcData::getMethod (34 bytes)
Event: 367.389 Thread 0x0000000022f44000 nmethod 2511 0x0000000012703690 code [0x00000000127037e0, 0x0000000012703970]
Event: 367.389 Thread 0x0000000022f44000 2512       3       macromedia.abc.AbcData$Method::getHasOptional (16 bytes)
Event: 367.389 Thread 0x0000000022f44000 nmethod 2512 0x0000000012810250 code [0x00000000128103a0, 0x0000000012810550]
Event: 367.389 Thread 0x0000000022f44000 2514       3       macromedia.asc.semantics.Slot::setType (6 bytes)

GC Heap History (10 events):
Event: 8.111 GC heap before
{Heap before GC invocations=7 (full 0):
 PSYoungGen      total 72192K, used 72161K [0x00000000f5580000, 0x00000000fac80000, 0x0000000100000000)
  eden space 62976K, 100% used [0x00000000f5580000,0x00000000f9300000,0x00000000f9300000)
  from space 9216K, 99% used [0x00000000f9e80000,0x00000000fa778560,0x00000000fa780000)
  to   space 11776K, 0% used [0x00000000f9300000,0x00000000f9300000,0x00000000f9e80000)
 ParOldGen       total 44032K, used 17743K [0x00000000e0000000, 0x00000000e2b00000, 0x00000000f5580000)
  object space 44032K, 40% used [0x00000000e0000000,0x00000000e1153dd8,0x00000000e2b00000)
 Metaspace       used 7765K, capacity 8404K, committed 8576K, reserved 1056768K
  class space    used 950K, capacity 1094K, committed 1152K, reserved 1048576K
Event: 8.191 GC heap after
Heap after GC invocations=7 (full 0):
 PSYoungGen      total 74752K, used 11744K [0x00000000f5580000, 0x00000000ff480000, 0x0000000100000000)
  eden space 62976K, 0% used [0x00000000f5580000,0x00000000f5580000,0x00000000f9300000)
  from space 11776K, 99% used [0x00000000f9300000,0x00000000f9e78010,0x00000000f9e80000)
  to   space 18432K, 0% used [0x00000000fe280000,0x00000000fe280000,0x00000000ff480000)
 ParOldGen       total 44032K, used 26922K [0x00000000e0000000, 0x00000000e2b00000, 0x00000000f5580000)
  object space 44032K, 61% used [0x00000000e0000000,0x00000000e1a4ab60,0x00000000e2b00000)
 Metaspace       used 7765K, capacity 8404K, committed 8576K, reserved 1056768K
  class space    used 950K, capacity 1094K, committed 1152K, reserved 1048576K
}
Event: 8.574 GC heap before
{Heap before GC invocations=8 (full 0):
 PSYoungGen      total 74752K, used 74720K [0x00000000f5580000, 0x00000000ff480000, 0x0000000100000000)
  eden space 62976K, 100% used [0x00000000f5580000,0x00000000f9300000,0x00000000f9300000)
  from space 11776K, 99% used [0x00000000f9300000,0x00000000f9e78010,0x00000000f9e80000)
  to   space 18432K, 0% used [0x00000000fe280000,0x00000000fe280000,0x00000000ff480000)
 ParOldGen       total 44032K, used 26922K [0x00000000e0000000, 0x00000000e2b00000, 0x00000000f5580000)
  object space 44032K, 61% used [0x00000000e0000000,0x00000000e1a4ab60,0x00000000e2b00000)
 Metaspace       used 7777K, capacity 8416K, committed 8576K, reserved 1056768K
  class space    used 951K, capacity 1096K, committed 1152K, reserved 1048576K
Event: 8.690 GC heap after
Heap after GC invocations=8 (full 0):
 PSYoungGen      total 140288K, used 18423K [0x00000000f5580000, 0x00000000ffc80000, 0x0000000100000000)
  eden space 121856K, 0% used [0x00000000f5580000,0x00000000f5580000,0x00000000fcc80000)
  from space 18432K, 99% used [0x00000000fe280000,0x00000000ff47dea0,0x00000000ff480000)
  to   space 22528K, 0% used [0x00000000fcc80000,0x00000000fcc80000,0x00000000fe280000)
 ParOldGen       total 44032K, used 29650K [0x00000000e0000000, 0x00000000e2b00000, 0x00000000f5580000)
  object space 44032K, 67% used [0x00000000e0000000,0x00000000e1cf4b60,0x00000000e2b00000)
 Metaspace       used 7777K, capacity 8416K, committed 8576K, reserved 1056768K
  class space    used 951K, capacity 1096K, committed 1152K, reserved 1048576K
}
Event: 9.955 GC heap before
{Heap before GC invocations=9 (full 0):
 PSYoungGen      total 140288K, used 140279K [0x00000000f5580000, 0x00000000ffc80000, 0x0000000100000000)
  eden space 121856K, 100% used [0x00000000f5580000,0x00000000fcc80000,0x00000000fcc80000)
  from space 18432K, 99% used [0x00000000fe280000,0x00000000ff47dea0,0x00000000ff480000)
  to   space 22528K, 0% used [0x00000000fcc80000,0x00000000fcc80000,0x00000000fe280000)
 ParOldGen       total 44032K, used 29650K [0x00000000e0000000, 0x00000000e2b00000, 0x00000000f5580000)
  object space 44032K, 67% used [0x00000000e0000000,0x00000000e1cf4b60,0x00000000e2b00000)
 Metaspace       used 7997K, capacity 8548K, committed 8576K, reserved 1056768K
  class space    used 974K, capacity 1134K, committed 1152K, reserved 1048576K
Event: 10.089 GC heap after
Heap after GC invocations=9 (full 0):
 PSYoungGen      total 144384K, used 22519K [0x00000000f5580000, 0x0000000100000000, 0x0000000100000000)
  eden space 121856K, 0% used [0x00000000f5580000,0x00000000f5580000,0x00000000fcc80000)
  from space 22528K, 99% used [0x00000000fcc80000,0x00000000fe27dea0,0x00000000fe280000)
  to   space 30208K, 0% used [0x00000000fe280000,0x00000000fe280000,0x0000000100000000)
 ParOldGen       total 46592K, used 46151K [0x00000000e0000000, 0x00000000e2d80000, 0x00000000f5580000)
  object space 46592K, 99% used [0x00000000e0000000,0x00000000e2d11e18,0x00000000e2d80000)
 Metaspace       used 7997K, capacity 8548K, committed 8576K, reserved 1056768K
  class space    used 974K, capacity 1134K, committed 1152K, reserved 1048576K
}
Event: 10.089 GC heap before
{Heap before GC invocations=10 (full 1):
 PSYoungGen      total 144384K, used 22519K [0x00000000f5580000, 0x0000000100000000, 0x0000000100000000)
  eden space 121856K, 0% used [0x00000000f5580000,0x00000000f5580000,0x00000000fcc80000)
  from space 22528K, 99% used [0x00000000fcc80000,0x00000000fe27dea0,0x00000000fe280000)
  to   space 30208K, 0% used [0x00000000fe280000,0x00000000fe280000,0x0000000100000000)
 ParOldGen       total 46592K, used 46151K [0x00000000e0000000, 0x00000000e2d80000, 0x00000000f5580000)
  object space 46592K, 99% used [0x00000000e0000000,0x00000000e2d11e18,0x00000000e2d80000)
 Metaspace       used 7997K, capacity 8548K, committed 8576K, reserved 1056768K
  class space    used 974K, capacity 1134K, committed 1152K, reserved 1048576K
Event: 10.879 GC heap after
Heap after GC invocations=10 (full 1):
 PSYoungGen      total 144384K, used 17891K [0x00000000f5580000, 0x0000000100000000, 0x0000000100000000)
  eden space 121856K, 0% used [0x00000000f5580000,0x00000000f5580000,0x00000000fcc80000)
  from space 22528K, 79% used [0x00000000fcc80000,0x00000000fddf8c58,0x00000000fe280000)
  to   space 30208K, 0% used [0x00000000fe280000,0x00000000fe280000,0x0000000100000000)
 ParOldGen       total 82944K, used 46499K [0x00000000e0000000, 0x00000000e5100000, 0x00000000f5580000)
  object space 82944K, 56% used [0x00000000e0000000,0x00000000e2d68c98,0x00000000e5100000)
 Metaspace       used 7997K, capacity 8548K, committed 8576K, reserved 1056768K
  class space    used 974K, capacity 1134K, committed 1152K, reserved 1048576K
}
Event: 196.779 GC heap before
{Heap before GC invocations=11 (full 1):
 PSYoungGen      total 144384K, used 139747K [0x00000000f5580000, 0x0000000100000000, 0x0000000100000000)
  eden space 121856K, 100% used [0x00000000f5580000,0x00000000fcc80000,0x00000000fcc80000)
  from space 22528K, 79% used [0x00000000fcc80000,0x00000000fddf8c58,0x00000000fe280000)
  to   space 30208K, 0% used [0x00000000fe280000,0x00000000fe280000,0x0000000100000000)
 ParOldGen       total 82944K, used 46499K [0x00000000e0000000, 0x00000000e5100000, 0x00000000f5580000)
  object space 82944K, 56% used [0x00000000e0000000,0x00000000e2d68c98,0x00000000e5100000)
 Metaspace       used 8282K, capacity 8776K, committed 8832K, reserved 1056768K
  class space    used 994K, capacity 1140K, committed 1152K, reserved 1048576K
Event: 196.873 GC heap after
Heap after GC invocations=11 (full 1):
 PSYoungGen      total 135168K, used 22816K [0x00000000f5580000, 0x0000000100000000, 0x0000000100000000)
  eden space 104960K, 0% used [0x00000000f5580000,0x00000000f5580000,0x00000000fbc00000)
  from space 30208K, 75% used [0x00000000fe280000,0x00000000ff8c8080,0x0000000100000000)
  to   space 34816K, 0% used [0x00000000fbc00000,0x00000000fbc00000,0x00000000fde00000)
 ParOldGen       total 82944K, used 53018K [0x00000000e0000000, 0x00000000e5100000, 0x00000000f5580000)
  object space 82944K, 63% used [0x00000000e0000000,0x00000000e33c6b38,0x00000000e5100000)
 Metaspace       used 8282K, capacity 8776K, committed 8832K, reserved 1056768K
  class space    used 994K, capacity 1140K, committed 1152K, reserved 1048576K
}

Deoptimization events (10 events):
Event: 367.280 Thread 0x0000000008314000 Uncommon trap: reason=unstable_if action=reinterpret pc=0x000000001269b3f0 method=java.util.HashMap.clear()V @ 23
Event: 367.310 Thread 0x0000000008314000 Uncommon trap: reason=unstable_if action=reinterpret pc=0x00000000126c336c method=java.util.HashMap$HashIterator.<init>(Ljava/util/HashMap;)V @ 45
Event: 367.313 Thread 0x0000000008314000 Uncommon trap: reason=unstable_if action=reinterpret pc=0x00000000126c390c method=java.util.HashMap$HashIterator.<init>(Ljava/util/HashMap;)V @ 45
Event: 367.332 Thread 0x0000000008314000 Uncommon trap: reason=unstable_if action=reinterpret pc=0x0000000012880040 method=macromedia.abc.BytecodeBuffer.readU32()I @ 35
Event: 367.342 Thread 0x0000000008314000 Uncommon trap: reason=class_check action=maybe_recompile pc=0x0000000012534558 method=java.util.HashMap.putVal(ILjava/lang/Object;Ljava/lang/Object;ZZ)Ljava/lang/Object; @ 203
Event: 367.342 Thread 0x0000000008314000 Uncommon trap: reason=class_check action=maybe_recompile pc=0x0000000012534558 method=java.util.HashMap.putVal(ILjava/lang/Object;Ljava/lang/Object;ZZ)Ljava/lang/Object; @ 203
Event: 367.342 Thread 0x0000000008314000 Uncommon trap: reason=class_check action=maybe_recompile pc=0x0000000012534558 method=java.util.HashMap.putVal(ILjava/lang/Object;Ljava/lang/Object;ZZ)Ljava/lang/Object; @ 203
Event: 367.342 Thread 0x0000000008314000 Uncommon trap: reason=unstable_if action=reinterpret pc=0x0000000012534180 method=java.util.HashMap.putVal(ILjava/lang/Object;Ljava/lang/Object;ZZ)Ljava/lang/Object; @ 94
Event: 367.364 Thread 0x0000000008314000 Uncommon trap: reason=unstable_if action=reinterpret pc=0x00000000126107a0 method=macromedia.asc.util.Slots.getByID(I)Lmacromedia/asc/semantics/Slot; @ 41
Event: 367.371 Thread 0x0000000008314000 Uncommon trap: reason=unstable_if action=reinterpret pc=0x00000000126b8318 method=java.util.HashMap.resize()[Ljava/util/HashMap$Node; @ 206

Internal exceptions (10 events):
Event: 3.443 Thread 0x0000000008314000 Exception <a 'java/security/PrivilegedActionException'> (0x00000000f57d4e90) thrown at [D:\re\workspace\8-2-build-windows-amd64-cygwin\jdk8u40\2855\hotspot\src\share\vm\prims\jvm.cpp, line 1382]
Event: 3.730 Thread 0x0000000008314000 Exception <a 'java/security/PrivilegedActionException'> (0x00000000f594d838) thrown at [D:\re\workspace\8-2-build-windows-amd64-cygwin\jdk8u40\2855\hotspot\src\share\vm\prims\jvm.cpp, line 1382]
Event: 3.730 Thread 0x0000000008314000 Exception <a 'java/security/PrivilegedActionException'> (0x00000000f594d9f0) thrown at [D:\re\workspace\8-2-build-windows-amd64-cygwin\jdk8u40\2855\hotspot\src\share\vm\prims\jvm.cpp, line 1382]
Event: 3.731 Thread 0x0000000008314000 Exception <a 'java/security/PrivilegedActionException'> (0x00000000f59534e0) thrown at [D:\re\workspace\8-2-build-windows-amd64-cygwin\jdk8u40\2855\hotspot\src\share\vm\prims\jvm.cpp, line 1382]
Event: 3.731 Thread 0x0000000008314000 Exception <a 'java/security/PrivilegedActionException'> (0x00000000f5953698) thrown at [D:\re\workspace\8-2-build-windows-amd64-cygwin\jdk8u40\2855\hotspot\src\share\vm\prims\jvm.cpp, line 1382]
Event: 9.852 Thread 0x0000000022fb1000 Implicit null exception at 0x00000000125e76dd to 0x00000000125e7b21
Event: 9.852 Thread 0x0000000022fb1000 Implicit null exception at 0x00000000125ac98c to 0x00000000125ac9fd
Event: 11.629 Thread 0x0000000022fb1000 Implicit null exception at 0x00000000123b3c51 to 0x00000000123b4041
Event: 11.644 Thread 0x0000000022fb1000 Implicit null exception at 0x00000000128309d0 to 0x0000000012830a11
Event: 367.318 Thread 0x0000000008314000 Exception <a 'java/lang/NullPointerException'> (0x00000000fb07f8a0) thrown at [D:\re\workspace\8-2-build-windows-amd64-cygwin\jdk8u40\2855\hotspot\src\share\vm\interpreter\linkResolver.cpp, line 1178]

Events (10 events):
Event: 367.362 loading class macromedia/asc/semantics/InterfaceWalker
Event: 367.362 loading class macromedia/asc/semantics/InterfaceWalker done
Event: 367.362 loading class macromedia/asc/semantics/ObjectValueWalker
Event: 367.362 loading class macromedia/asc/semantics/ObjectValueWalker done
Event: 367.364 Thread 0x0000000008314000 Uncommon trap: trap_request=0xffffff65 fr.pc=0x00000000126107a0
Event: 367.364 Thread 0x0000000008314000 DEOPT PACKING pc=0x00000000126107a0 sp=0x0000000000135720
Event: 367.364 Thread 0x0000000008314000 DEOPT UNPACKING pc=0x00000000122f556a sp=0x00000000001356b8 mode 2
Event: 367.371 Thread 0x0000000008314000 Uncommon trap: trap_request=0xffffff65 fr.pc=0x00000000126b8318
Event: 367.371 Thread 0x0000000008314000 DEOPT PACKING pc=0x00000000126b8318 sp=0x0000000000135750
Event: 367.371 Thread 0x0000000008314000 DEOPT UNPACKING pc=0x00000000122f556a sp=0x00000000001356b8 mode 2


Dynamic libraries:
0x0000000000400000 - 0x0000000003b16000 	C:\Program Files\Adobe\Adobe Animate CC 2015.2\Animate.exe
0x00007ffb49270000 - 0x00007ffb4941d000 	C:\Windows\SYSTEM32\ntdll.dll
0x00007ffb471c0000 - 0x00007ffb472fe000 	C:\Windows\system32\KERNEL32.DLL
0x00007ffb464f0000 - 0x00007ffb46605000 	C:\Windows\system32\KERNELBASE.dll
0x00007ffb46ca0000 - 0x00007ffb46ca7000 	C:\Windows\system32\PSAPI.DLL
0x00007ffb40560000 - 0x00007ffb40582000 	C:\Windows\SYSTEM32\WINMM.dll
0x00007ffb46ef0000 - 0x00007ffb46f44000 	C:\Windows\system32\SHLWAPI.dll
0x00007ffb42290000 - 0x00007ffb422b9000 	C:\Windows\SYSTEM32\MSVFW32.dll
0x00007ffb37b30000 - 0x00007ffb37b51000 	C:\Windows\SYSTEM32\AVIFIL32.dll
0x00007ffb41510000 - 0x00007ffb4151a000 	C:\Windows\SYSTEM32\VERSION.dll
0x00007ffb339a0000 - 0x00007ffb339c4000 	C:\Windows\SYSTEM32\oledlg.dll
0x0000000012000000 - 0x00000000122a9000 	C:\Program Files\Adobe\Adobe Animate CC 2015.2\xerces-c_3_1.dll
0x00000000001f0000 - 0x00000000001fb000 	C:\Program Files\Adobe\Adobe Animate CC 2015.2\boost_system.dll
0x0000000000300000 - 0x0000000000316000 	C:\Program Files\Adobe\Adobe Animate CC 2015.2\boost_date_time.dll
0x0000000000320000 - 0x0000000000344000 	C:\Program Files\Adobe\Adobe Animate CC 2015.2\boost_threads.dll
0x0000000003b20000 - 0x0000000003e59000 	C:\Program Files\Adobe\Adobe Animate CC 2015.2\dvacore.dll
0x0000000003e60000 - 0x0000000004655000 	C:\Program Files\Adobe\Adobe Animate CC 2015.2\dvaui.dll
0x0000000004660000 - 0x00000000047f5000 	C:\Program Files\Adobe\Adobe Animate CC 2015.2\dvaworkspace.dll
0x0000000004800000 - 0x0000000004990000 	C:\Program Files\Adobe\Adobe Animate CC 2015.2\exo.dll
0x0000000000350000 - 0x000000000038b000 	C:\Program Files\Adobe\Adobe Animate CC 2015.2\dvaunittesting.dll
0x0000000000390000 - 0x00000000003bd000 	C:\Program Files\Adobe\Adobe Animate CC 2015.2\dvatexteditor.dll
0x0000000004990000 - 0x0000000004a64000 	C:\Program Files\Adobe\Adobe Animate CC 2015.2\FlashIK.dll
0x00000000003c0000 - 0x00000000003f4000 	C:\Program Files\Adobe\Adobe Animate CC 2015.2\PFF.dll
0x0000000004a70000 - 0x0000000004f2b000 	C:\Program Files\Adobe\Adobe Animate CC 2015.2\dvaadameve.dll
0x0000000004f30000 - 0x0000000004f56000 	C:\Program Files\Adobe\Adobe Animate CC 2015.2\boost_filesystem.dll
0x0000000004f60000 - 0x0000000005044000 	C:\Program Files\Adobe\Adobe Animate CC 2015.2\boost_regex.dll
0x0000000005050000 - 0x0000000005090000 	C:\Program Files\Adobe\Adobe Animate CC 2015.2\mfcdata.dll
0x00007ffb14130000 - 0x00007ffb1aeb2000 	C:\Program Files\Adobe\Adobe Animate CC 2015.2\AdobePSL.dll
0x00007ffb2d040000 - 0x00007ffb2d279000 	C:\Program Files\Adobe\Adobe Animate CC 2015.2\AdobeOwl.dll
0x0000000005090000 - 0x000000000514f000 	C:\Program Files\Adobe\Adobe Animate CC 2015.2\flashplayercore.dll
0x0000000005150000 - 0x000000000579f000 	C:\Program Files\Adobe\Adobe Animate CC 2015.2\flverify.dll
0x00000000057a0000 - 0x00000000058a9000 	C:\Program Files\Adobe\Adobe Animate CC 2015.2\brushparser.dll
0x00007ffb29c00000 - 0x00007ffb29f10000 	C:\Program Files\Adobe\Adobe Animate CC 2015.2\aflamingo.dll
0x00007ffb32a60000 - 0x00007ffb32a88000 	C:\Program Files\Adobe\Adobe Animate CC 2015.2\ahclient.dll
0x00000000058b0000 - 0x00000000058f9000 	C:\Program Files\Adobe\Adobe Animate CC 2015.2\cloudsync.dll
0x00007ffb2d380000 - 0x00007ffb2d3fb000 	C:\Program Files\Adobe\Adobe Animate CC 2015.2\AdobePIP.dll
0x00007ffb29a00000 - 0x00007ffb29bf5000 	C:\Program Files\Adobe\Adobe Animate CC 2015.2\LogSession.dll
0x00007ffb3fbd0000 - 0x00007ffb3fbed000 	C:\Program Files\Adobe\Adobe Animate CC 2015.2\amtlib.dll
0x00007ffb27740000 - 0x00007ffb27c66000 	C:\Program Files\Adobe\Adobe Animate CC 2015.2\PlugPlugOwl.dll
0x00007ffb2c4e0000 - 0x00007ffb2c56f000 	C:\Program Files\Adobe\Adobe Animate CC 2015.2\BIB.dll
0x00007ffb2cfe0000 - 0x00007ffb2d03d000 	C:\Program Files\Adobe\Adobe Animate CC 2015.2\BIBUtils.dll
0x00007ffb29840000 - 0x00007ffb299fd000 	C:\Program Files\Adobe\Adobe Animate CC 2015.2\ACE.dll
0x00007ffb261c0000 - 0x00007ffb265fc000 	C:\Program Files\Adobe\Adobe Animate CC 2015.2\CoolType.dll
0x00007ffb25990000 - 0x00007ffb261bf000 	C:\Program Files\Adobe\Adobe Animate CC 2015.2\AGM.dll
0x00007ffb297c0000 - 0x00007ffb29835000 	C:\Program Files\Adobe\Adobe Animate CC 2015.2\ARE.dll
0x00007ffb29660000 - 0x00007ffb297bc000 	C:\Program Files\Adobe\Adobe Animate CC 2015.2\PDFPort.dll
0x00007ffb25430000 - 0x00007ffb25986000 	C:\Program Files\Adobe\Adobe Animate CC 2015.2\MPS.dll
0x00007ffb24970000 - 0x00007ffb2542b000 	C:\Program Files\Adobe\Adobe Animate CC 2015.2\AdobePDFL.dll
0x00007ffb47520000 - 0x00007ffb4757a000 	C:\Windows\system32\WS2_32.dll
0x00007ffb48eb0000 - 0x00007ffb49027000 	C:\Windows\system32\USER32.dll
0x00007ffb473d0000 - 0x00007ffb4751b000 	C:\Windows\system32\GDI32.dll
0x00007ffb49050000 - 0x00007ffb49106000 	C:\Windows\system32\COMDLG32.dll
0x00007ffb47580000 - 0x00007ffb4762a000 	C:\Windows\system32\ADVAPI32.dll
0x00007ffb477e0000 - 0x00007ffb48d09000 	C:\Windows\system32\SHELL32.dll
0x00007ffb48d10000 - 0x00007ffb48ea4000 	C:\Windows\system32\ole32.dll
0x0000000005900000 - 0x000000000591a000 	C:\Program Files\Adobe\Adobe Animate CC 2015.2\boost_signals.dll
0x0000000005920000 - 0x000000000592d000 	C:\Program Files\Adobe\Adobe Animate CC 2015.2\metromode.dll
0x00007ffb280d0000 - 0x00007ffb28176000 	C:\Windows\SYSTEM32\MSVCP120.dll
0x00007ffb3efb0000 - 0x00007ffb3f09f000 	C:\Windows\SYSTEM32\MSVCR120.dll
0x00007ffb46f60000 - 0x00007ffb470a0000 	C:\Windows\system32\RPCRT4.dll
0x00007ffb41200000 - 0x00007ffb41385000 	C:\Windows\SYSTEM32\urlmon.dll
0x00007ffb28050000 - 0x00007ffb280c2000 	C:\Program Files\Adobe\Adobe Animate CC 2015.2\VulcanControl.dll
0x00007ffb27fb0000 - 0x00007ffb28041000 	C:\Program Files\Adobe\Adobe Animate CC 2015.2\VulcanMessage5.dll
0x00007ffb402a0000 - 0x00007ffb402ca000 	C:\Windows\SYSTEM32\WINMMBASE.dll
0x00007ffb47110000 - 0x00007ffb471ba000 	C:\Windows\system32\msvcrt.dll
0x00007ffb46a20000 - 0x00007ffb46c32000 	C:\Windows\SYSTEM32\combase.dll
0x00007ffb35910000 - 0x00007ffb359b4000 	C:\Windows\WinSxS\amd64_microsoft.windows.common-controls_6595b64144ccf1df_5.82.9600.17810_none_34ae2abd958aedeb\COMCTL32.dll
0x00007ffb33bf0000 - 0x00007ffb33c0c000 	C:\Windows\SYSTEM32\MSACM32.dll
0x00000000686e0000 - 0x00000000687b2000 	C:\Windows\SYSTEM32\MSVCR100.dll
0x00007ffb3e770000 - 0x00007ffb3e8f9000 	C:\Windows\SYSTEM32\dbghelp.dll
0x00007ffb46900000 - 0x00007ffb469c6000 	C:\Windows\system32\OLEAUT32.dll
0x00007ffb3df80000 - 0x00007ffb3df9e000 	C:\Windows\SYSTEM32\MPR.dll
0x00007ffb2f000000 - 0x00007ffb2f1b0000 	C:\Windows\WinSxS\amd64_microsoft.windows.gdiplus_6595b64144ccf1df_1.1.9600.18790_none_9333b10747484d36\gdiplus.dll
0x00007ffb27e80000 - 0x00007ffb27fab000 	C:\Windows\SYSTEM32\OPENGL32.dll
0x00007ffb43700000 - 0x00007ffb4376a000 	C:\Windows\SYSTEM32\OLEACC.dll
0x00007ffb2c470000 - 0x00007ffb2c4d4000 	C:\Program Files\Adobe\Adobe Animate CC 2015.2\tbb.dll
0x00007ffb27dd0000 - 0x00007ffb27e77000 	C:\Windows\SYSTEM32\MSVCP110.dll
0x00007ffb27660000 - 0x00007ffb27734000 	C:\Windows\SYSTEM32\MSVCR110.dll
0x00007ffb466c0000 - 0x00007ffb4689f000 	C:\Windows\system32\CRYPT32.dll
0x00007ffb40c00000 - 0x00007ffb40f21000 	C:\Windows\SYSTEM32\WININET.dll
0x00007ffb3e1a0000 - 0x00007ffb3e267000 	C:\Windows\SYSTEM32\WINHTTP.dll
0x00007ffb24750000 - 0x00007ffb2496e000 	C:\Program Files\Adobe\Adobe Animate CC 2015.2\SynKitLib.dll
0x00007ffb46cb0000 - 0x00007ffb46e8a000 	C:\Windows\system32\SETUPAPI.dll
0x00007ffb245e0000 - 0x00007ffb24749000 	C:\Program Files\Adobe\Adobe Animate CC 2015.2\AIDE.dll
0x00007ffb27520000 - 0x00007ffb2765b000 	C:\Program Files\Adobe\Adobe Animate CC 2015.2\AdobeXMP.dll
0x00007ffb244d0000 - 0x00007ffb245d9000 	C:\Program Files\Adobe\Adobe Animate CC 2015.2\JP2KLib.dll
0x0000000066930000 - 0x000000006696b000 	C:\Program Files\Adobe\Adobe Animate CC 2015.2\AXE8SharedExpat.dll
0x00007ffb323f0000 - 0x00007ffb32472000 	C:\Windows\SYSTEM32\WINSPOOL.DRV
0x00007ffb47300000 - 0x00007ffb47309000 	C:\Windows\system32\NSI.dll
0x00007ffb46e90000 - 0x00007ffb46ee9000 	C:\Windows\SYSTEM32\sechost.dll
0x00007ffb46470000 - 0x00007ffb4649e000 	C:\Windows\system32\SspiCli.dll
0x00007ffb40f30000 - 0x00007ffb411fb000 	C:\Windows\SYSTEM32\iertutil.dll
0x00007ffb464a0000 - 0x00007ffb464ef000 	C:\Windows\SYSTEM32\cfgmgr32.dll
0x00007ffb451c0000 - 0x00007ffb451e8000 	C:\Windows\SYSTEM32\DEVOBJ.dll
0x00007ffb31280000 - 0x00007ffb312ae000 	C:\Windows\SYSTEM32\GLU32.dll
0x00007ffb243d0000 - 0x00007ffb244c8000 	C:\Windows\SYSTEM32\DDRAW.dll
0x00007ffb46450000 - 0x00007ffb46461000 	C:\Windows\system32\MSASN1.dll
0x00007ffb45960000 - 0x00007ffb45981000 	C:\Windows\SYSTEM32\USERENV.dll
0x00007ffb24330000 - 0x00007ffb243ce000 	C:\Windows\SYSTEM32\MSVCP140.dll
0x00007ffb339f0000 - 0x00007ffb33a07000 	C:\Windows\SYSTEM32\VCRUNTIME140.dll
0x00007ffb42b40000 - 0x00007ffb42b44000 	C:\Windows\SYSTEM32\api-ms-win-crt-runtime-l1-1-0.dll
0x00007ffb42860000 - 0x00007ffb42865000 	C:\Windows\SYSTEM32\api-ms-win-crt-math-l1-1-0.dll
0x00007ffb424f0000 - 0x00007ffb424f3000 	C:\Windows\SYSTEM32\api-ms-win-crt-heap-l1-1-0.dll
0x00007ffb424c0000 - 0x00007ffb424c4000 	C:\Windows\SYSTEM32\api-ms-win-crt-stdio-l1-1-0.dll
0x00007ffb42070000 - 0x00007ffb42073000 	C:\Windows\SYSTEM32\api-ms-win-crt-utility-l1-1-0.dll
0x00007ffb40bf0000 - 0x00007ffb40bf4000 	C:\Windows\SYSTEM32\api-ms-win-crt-string-l1-1-0.dll
0x00007ffb404d0000 - 0x00007ffb404d3000 	C:\Windows\SYSTEM32\api-ms-win-crt-locale-l1-1-0.dll
0x00007ffb3fba0000 - 0x00007ffb3fba3000 	C:\Windows\SYSTEM32\api-ms-win-crt-time-l1-1-0.dll
0x00007ffb3fa80000 - 0x00007ffb3fa84000 	C:\Windows\SYSTEM32\api-ms-win-crt-convert-l1-1-0.dll
0x00007ffb46310000 - 0x00007ffb4631b000 	C:\Windows\SYSTEM32\CRYPTBASE.DLL
0x00007ffb44bc0000 - 0x00007ffb44c72000 	C:\Windows\SYSTEM32\SHCORE.DLL
0x00007ffb3fa50000 - 0x00007ffb3fa59000 	C:\Windows\SYSTEM32\DCIMAN32.dll
0x00007ffb463a0000 - 0x00007ffb463b5000 	C:\Windows\SYSTEM32\profapi.dll
0x00007ffb37b20000 - 0x00007ffb37b25000 	C:\Windows\SYSTEM32\api-ms-win-crt-multibyte-l1-1-0.dll
0x00007ffb37580000 - 0x00007ffb37583000 	C:\Windows\SYSTEM32\api-ms-win-crt-filesystem-l1-1-0.dll
0x00007ffb37220000 - 0x00007ffb37223000 	C:\Windows\SYSTEM32\api-ms-win-crt-environment-l1-1-0.dll
0x00007ffb461a0000 - 0x00007ffb46203000 	C:\Windows\SYSTEM32\bcryptPrimitives.dll
0x00007ffb24230000 - 0x00007ffb24324000 	C:\Windows\SYSTEM32\ucrtbase.DLL
0x00007ffb469d0000 - 0x00007ffb46a06000 	C:\Windows\system32\IMM32.DLL
0x00007ffb49110000 - 0x00007ffb49261000 	C:\Windows\system32\MSCTF.dll
0x00007ffb45160000 - 0x00007ffb4516b000 	C:\Windows\SYSTEM32\kernel.appcore.dll
0x00007ffb45000000 - 0x00007ffb45129000 	C:\Windows\system32\uxtheme.dll
0x00007ffb44f30000 - 0x00007ffb44f51000 	C:\Windows\system32\dwmapi.dll
0x00007ffb47310000 - 0x00007ffb473c6000 	C:\Windows\SYSTEM32\clbcatq.dll
0x00007ffb2edb0000 - 0x00007ffb2eff2000 	C:\Windows\System32\msxml3.dll
0x00007ffb45e80000 - 0x00007ffb45ea6000 	C:\Windows\System32\bcrypt.dll
0x00007ffb402f0000 - 0x00007ffb4049e000 	C:\Windows\SYSTEM32\WindowsCodecs.dll
0x00007ffb43aa0000 - 0x00007ffb43c8a000 	C:\Windows\SYSTEM32\DWrite.dll

VM Arguments:
jvm_args: -Djava.library.path=C:\Program Files\Common Files\Adobe\Adobe Animate CC 2015.2\jre\bin -Djava.Home=C:\Program Files\Common Files\Adobe\Adobe Animate CC 2015.2\jre -Xbootclasspath/a: ﻿-Djava.awt.headless=true -Xmx512m 
java_command: <unknown>
java_class_path (initial): C:\Program Files\Adobe\Adobe Animate CC 2015.2\Common\Configuration\ActionScript 3.0\bin\;C:\Program Files\Adobe\Adobe Animate CC 2015.2\Common\Configuration\ActionScript 3.0\bin\asc_authoring.jar;C:\Program Files\Adobe\Adobe Animate CC 2015.2\Common\Configuration\ActionScript 3.0\bin\fdb_authoring.jar;C:\Program Files\Adobe\Adobe Animate CC 2015.2\Common\Configuration\CodeModel\commands.jar;C:\Program Files\Adobe\Adobe Animate CC 2015.2\Common\Configuration\CodeModel\org.apache.felix.framework-1.8.1.jar;C:\Program Files\Adobe\Adobe Animate CC 2015.2\Common\Configuration\CodeModel\codemodel_host.jar
Launcher Type: generic

Environment Variables:
JAVA_HOME=C:\Program Files\Common Files\Adobe\Adobe Animate CC 2015.2\jre
PATH=C:\Program Files\Common Files\Adobe\Adobe Animate CC 2015.2\jre\bin;C:\ProgramData\Oracle\Java\javapath;C:\Windows\system32;C:\Windows;C:\Windows\System32\Wbem;C:\Windows\System32\WindowsPowerShell\v1.0\;C:\Program Files (x86)\Adobe\Adobe Flash Builder 4.6\sdks\4.6.0\bin
USERNAME=Kheshti
OS=Windows_NT
PROCESSOR_IDENTIFIER=Intel64 Family 6 Model 23 Stepping 10, GenuineIntel



---------------  S Y S T E M  ---------------

OS: Windows 8.1 , 64 bit Build 9600 (6.3.9600.17415)

CPU:total 2 (2 cores per cpu, 1 threads per core) family 6 model 23 stepping 10, cmov, cx8, fxsr, mmx, sse, sse2, sse3, ssse3, tsc

Memory: 4k page, physical 4157940k(1934968k free), swap 7172596k(4382392k free)

vm_info: Java HotSpot(TM) 64-Bit Server VM (25.40-b25) for windows-amd64 JRE (1.8.0_40-b25), built on Feb 10 2015 21:53:57 by "java_re" with MS VC++ 10.0 (VS2010)

time: Sat Nov 11 09:02:21 2017
elapsed time: 367 seconds (0d 0h 6m 7s)

